{"level":"info","message":"[Authentication-ms] Bootstrapoing micro service ","service":"Authentication-ms","timestamp":"2023-10-17 16:51:34"}
{"level":"error","message":"[Authentication-ms] Caught exception: TypeError: cors is not a function","service":"Authentication-ms","timestamp":"2023-10-17 16:51:34"}
{"level":"info","message":"[Authentication-ms] Bootstrapoing micro service ","service":"Authentication-ms","timestamp":"2023-10-17 16:54:08"}
{"level":"error","message":"[Authentication-ms] Caught exception: TypeError: cors is not a function","service":"Authentication-ms","timestamp":"2023-10-17 16:54:08"}
{"level":"info","message":"[Authentication-ms] Bootstraping micro service ","service":"Authentication-ms","timestamp":"2023-10-17 16:54:37"}
{"level":"error","message":"[Authentication-ms] Caught exception: TypeError: cors is not a function","service":"Authentication-ms","timestamp":"2023-10-17 16:54:37"}
{"level":"info","message":"[Authentication-ms] Bootstraping micro service ","service":"Authentication-ms","timestamp":"2023-10-17 16:56:40"}
{"level":"error","message":"[Authentication-ms] Caught exception: TypeError: cors is not a function","service":"Authentication-ms","timestamp":"2023-10-17 16:56:40"}
{"level":"info","message":"[Authentication-ms] Bootstraping micro service ","service":"Authentication-ms","timestamp":"2023-10-17 16:56:49"}
{"level":"error","message":"[Authentication-ms] Caught exception: TypeError: cors is not a function","service":"Authentication-ms","timestamp":"2023-10-17 16:56:49"}
{"level":"info","message":"[Authentication-ms] Bootstraping micro service ","service":"Authentication-ms","timestamp":"2023-10-17 16:57:43"}
{"level":"error","message":"[Authentication-ms] Caught exception: TypeError: cors is not a function","service":"Authentication-ms","timestamp":"2023-10-17 16:57:43"}
{"level":"info","message":"[Authentication-ms] Bootstraping micro service ","service":"Authentication-ms","timestamp":"2023-10-17 16:58:55"}
{"level":"error","message":"[Authentication-ms] Caught exception: TypeError: cors is not a function","service":"Authentication-ms","timestamp":"2023-10-17 16:58:55"}
{"level":"info","message":"[Authentication-ms] Bootstraping micro service ","service":"Authentication-ms","timestamp":"2023-10-17 16:59:01"}
{"level":"error","message":"[Authentication-ms] Caught exception: TypeError: cors is not a function","service":"Authentication-ms","timestamp":"2023-10-17 16:59:01"}
{"level":"info","message":"[Authentication-ms] Bootstraping micro service ","service":"Authentication-ms","timestamp":"2023-10-17 17:01:41"}
{"level":"error","message":"[Authentication-ms] Caught exception: TypeError: cors is not a function","service":"Authentication-ms","timestamp":"2023-10-17 17:01:41"}
{"level":"info","message":"[Authentication-ms] Bootstraping micro service ","service":"Authentication-ms","timestamp":"2023-10-17 17:03:36"}
{"level":"error","message":"[Authentication-ms] Caught exception: TypeError: cors is not a function","service":"Authentication-ms","timestamp":"2023-10-17 17:03:36"}
{"level":"info","message":"[Authentication-ms] Bootstraping micro service ","service":"Authentication-ms","timestamp":"2023-10-17 17:10:12"}
{"level":"error","message":"[Authentication-ms] Caught exception: TypeError: cors is not a function","service":"Authentication-ms","timestamp":"2023-10-17 17:10:12"}
{"level":"info","message":"[Authentication-ms] Bootstraping micro service ","service":"Authentication-ms","timestamp":"2023-10-17 17:10:35"}
{"level":"error","message":"[Authentication-ms] Caught exception: TypeError: cors is not a function","service":"Authentication-ms","timestamp":"2023-10-17 17:10:35"}
{"level":"info","message":"[Authentication-ms] Bootstraping micro service ","service":"Authentication-ms","timestamp":"2023-10-17 17:11:02"}
{"level":"error","message":"[Authentication-ms] Caught exception: TypeError: cors is not a function","service":"Authentication-ms","timestamp":"2023-10-17 17:11:02"}
{"level":"info","message":"[Authentication-ms] Bootstraping micro service ","service":"Authentication-ms","timestamp":"2023-10-17 17:11:03"}
{"level":"error","message":"[Authentication-ms] Caught exception: TypeError: cors is not a function","service":"Authentication-ms","timestamp":"2023-10-17 17:11:03"}
{"level":"info","message":"[Authentication-ms] Bootstraping micro service ","service":"Authentication-ms","timestamp":"2023-10-17 17:11:17"}
{"level":"error","message":"[Authentication-ms] Caught exception: TypeError: cors is not a function","service":"Authentication-ms","timestamp":"2023-10-17 17:11:17"}
{"level":"info","message":"[Authentication-ms] Bootstraping micro service ","service":"Authentication-ms","timestamp":"2023-10-17 17:11:24"}
{"level":"error","message":"[Authentication-ms] Caught exception: TypeError: cors is not a function","service":"Authentication-ms","timestamp":"2023-10-17 17:11:24"}
{"level":"info","message":"[Authentication-ms] Bootstraping micro service ","service":"Authentication-ms","timestamp":"2023-10-17 17:12:01"}
{"level":"error","message":"[Authentication-ms] Caught exception: TypeError: cors is not a function","service":"Authentication-ms","timestamp":"2023-10-17 17:12:01"}
{"level":"info","message":"[Authentication-ms] Bootstraping micro service ","service":"Authentication-ms","timestamp":"2023-10-17 17:13:39"}
{"level":"error","message":"[Authentication-ms] Caught exception: TypeError: cors is not a function","service":"Authentication-ms","timestamp":"2023-10-17 17:13:39"}
{"level":"info","message":"[Authentication-ms] Bootstraping micro service ","service":"Authentication-ms","timestamp":"2023-10-17 17:15:31"}
{"level":"error","message":"[Authentication-ms] Caught exception: TypeError: (0 , cors_1.default) is not a function","service":"Authentication-ms","timestamp":"2023-10-17 17:15:31"}
{"level":"info","message":"[Authentication-ms] Bootstraping micro service ","service":"Authentication-ms","timestamp":"2023-10-17 17:15:46"}
{"level":"error","message":"[Authentication-ms] Caught exception: TypeError: (0 , cors_1.default) is not a function","service":"Authentication-ms","timestamp":"2023-10-17 17:15:46"}
{"level":"info","message":"[Authentication-ms] Bootstraping micro service ","service":"Authentication-ms","timestamp":"2023-10-17 17:16:05"}
{"level":"error","message":"[Authentication-ms] Caught exception: TypeError: cors is not a function","service":"Authentication-ms","timestamp":"2023-10-17 17:16:05"}
{"level":"info","message":"[Authentication-ms] Bootstraping micro service ","service":"Authentication-ms","timestamp":"2023-10-17 17:19:14"}
{"level":"error","message":"[Authentication-ms] Caught exception: TypeError: cors is not a function","service":"Authentication-ms","timestamp":"2023-10-17 17:19:14"}
{"level":"info","message":"[Authentication-ms] Bootstraping micro service ","service":"Authentication-ms","timestamp":"2023-10-17 17:22:36"}
{"level":"error","message":"[Authentication-ms] Caught exception: TypeError: compression is not a function","service":"Authentication-ms","timestamp":"2023-10-17 17:22:36"}
{"level":"info","message":"[Authentication-ms] Bootstraping micro service ","service":"Authentication-ms","timestamp":"2023-10-17 17:22:39"}
{"level":"error","message":"[Authentication-ms] Caught exception: TypeError: compression is not a function","service":"Authentication-ms","timestamp":"2023-10-17 17:22:39"}
{"level":"info","message":"[Authentication-ms] Bootstraping micro service ","service":"Authentication-ms","timestamp":"2023-10-17 17:22:55"}
{"level":"error","message":"[Authentication-ms] Caught exception: TypeError: compression is not a function","service":"Authentication-ms","timestamp":"2023-10-17 17:22:55"}
{"level":"info","message":"[Authentication-ms] Bootstraping micro service ","service":"Authentication-ms","timestamp":"2023-10-17 17:27:44"}
{"level":"error","message":"[Authentication-ms] Caught exception: TypeError: compression is not a function","service":"Authentication-ms","timestamp":"2023-10-17 17:27:44"}
{"level":"info","message":"[Authentication-ms] Bootstraping micro service ","service":"Authentication-ms","timestamp":"2023-10-17 17:27:56"}
{"level":"error","message":"[Authentication-ms] Caught exception: TypeError: compression is not a function","service":"Authentication-ms","timestamp":"2023-10-17 17:27:56"}
{"level":"info","message":"[Authentication-ms] Bootstraping micro service ","service":"Authentication-ms","timestamp":"2023-10-17 17:28:00"}
{"level":"error","message":"[Authentication-ms] Caught exception: TypeError: compression is not a function","service":"Authentication-ms","timestamp":"2023-10-17 17:28:00"}
{"level":"info","message":"[Authentication-ms] Bootstraping micro service ","service":"Authentication-ms","timestamp":"2023-10-17 17:28:04"}
{"level":"error","message":"[Authentication-ms] Caught exception: TypeError: compression is not a function","service":"Authentication-ms","timestamp":"2023-10-17 17:28:04"}
{"level":"info","message":"[Authentication-ms] Bootstraping micro service ","service":"Authentication-ms","timestamp":"2023-10-17 17:30:04"}
{"level":"error","message":"[Authentication-ms] Caught exception: TypeError: compression is not a function","service":"Authentication-ms","timestamp":"2023-10-17 17:30:04"}
{"level":"info","message":"[Authentication-ms] Bootstraping micro service ","service":"Authentication-ms","timestamp":"2023-10-17 17:31:16"}
{"level":"info","message":"[Authentication-ms] Bootstraping micro service ","service":"Authentication-ms","timestamp":"2023-10-17 17:32:22"}
{"level":"info","message":"[Authentication-ms] Bootstraping micro service ","service":"Authentication-ms","timestamp":"2023-10-17 17:32:57"}
{"level":"info","message":"[Authentication-ms] Bootstraping micro service ","service":"Authentication-ms","timestamp":"2023-10-17 17:33:00"}
{"level":"info","message":"[Authentication-ms] Bootstraping micro service ","service":"Authentication-ms","timestamp":"2023-10-17 17:33:02"}
{"level":"info","message":"[Authentication-ms] Bootstraping micro service ","service":"Authentication-ms","timestamp":"2023-10-17 17:33:06"}
{"level":"error","message":"[Authentication-ms] Caught exception: TypeError: compression is not a function","service":"Authentication-ms","timestamp":"2023-10-17 17:33:06"}
{"level":"info","message":"[Authentication-ms] Bootstraping micro service ","service":"Authentication-ms","timestamp":"2023-10-17 17:33:17"}
{"level":"error","message":"[Authentication-ms] Caught exception: TypeError: compression is not a function","service":"Authentication-ms","timestamp":"2023-10-17 17:33:17"}
{"level":"info","message":"[Authentication-ms] Bootstraping micro service ","service":"Authentication-ms","timestamp":"2023-10-17 17:38:03"}
{"level":"error","message":"[Authentication-ms] Caught exception: TypeError: compression is not a function","service":"Authentication-ms","timestamp":"2023-10-17 17:38:03"}
{"level":"info","message":"[Authentication-ms] Bootstraping micro service ","service":"Authentication-ms","timestamp":"2023-10-17 17:39:17"}
{"level":"error","message":"[Authentication-ms] Caught exception: TypeError: compression is not a function","service":"Authentication-ms","timestamp":"2023-10-17 17:39:17"}
{"level":"info","message":"[Authentication-ms] Bootstraping micro service ","service":"Authentication-ms","timestamp":"2023-10-17 17:40:11"}
{"level":"error","message":"[Authentication-ms] Caught exception: TypeError: compression is not a function","service":"Authentication-ms","timestamp":"2023-10-17 17:40:11"}
{"level":"info","message":"[Authentication-ms] Bootstraping micro service ","service":"Authentication-ms","timestamp":"2023-10-17 17:40:34"}
{"level":"info","message":"[Authentication-ms] Bootstraping micro service ","service":"Authentication-ms","timestamp":"2023-10-17 17:40:40"}
{"level":"info","message":"[Authentication-ms] Bootstraping micro service ","service":"Authentication-ms","timestamp":"2023-10-17 17:40:50"}
{"level":"info","message":"[Authentication-ms] Bootstraping micro service ","service":"Authentication-ms","timestamp":"2023-10-17 17:41:35"}
{"level":"info","message":"[Authentication-ms] Bootstraping micro service ","service":"Authentication-ms","timestamp":"2023-10-17 17:41:53"}
{"level":"info","message":"[Authentication-ms] Bootstraping micro service ","service":"Authentication-ms","timestamp":"2023-10-17 17:42:02"}
{"level":"info","message":"[Authentication-ms] Bootstraping micro service ","service":"Authentication-ms","timestamp":"2023-10-17 17:42:11"}
{"level":"error","message":"[Authentication-ms] Caught exception: TypeError: compression is not a function","service":"Authentication-ms","timestamp":"2023-10-17 17:42:11"}
{"level":"info","message":"[Authentication-ms] Bootstraping micro service ","service":"Authentication-ms","timestamp":"2023-10-17 17:43:38"}
{"level":"error","message":"[Authentication-ms] Caught exception: TypeError: compression is not a function","service":"Authentication-ms","timestamp":"2023-10-17 17:43:38"}
{"level":"info","message":"[Authentication-ms] Bootstraping micro service ","service":"Authentication-ms","timestamp":"2023-10-17 17:44:43"}
{"level":"error","message":"[Authentication-ms] Caught exception: TypeError: compression is not a function","service":"Authentication-ms","timestamp":"2023-10-17 17:44:43"}
{"level":"info","message":"[Authentication-ms] Bootstraping micro service ","service":"Authentication-ms","timestamp":"2023-10-17 17:47:52"}
{"level":"error","message":"[Authentication-ms] Caught exception: TypeError: compression is not a function","service":"Authentication-ms","timestamp":"2023-10-17 17:47:52"}
{"level":"info","message":"[Authentication-ms] Bootstraping micro service ","service":"Authentication-ms","timestamp":"2023-10-17 17:51:23"}
{"level":"error","message":"[Authentication-ms] Caught exception: TypeError: compression is not a function","service":"Authentication-ms","timestamp":"2023-10-17 17:51:23"}
{"level":"info","message":"[Authentication-ms] Bootstraping micro service ","service":"Authentication-ms","timestamp":"2023-10-17 17:53:29"}
{"level":"error","message":"[Authentication-ms] Caught exception: TypeError: compression is not a function","service":"Authentication-ms","timestamp":"2023-10-17 17:53:29"}
{"level":"info","message":"[Authentication-ms] Bootstraping micro service ","service":"Authentication-ms","timestamp":"2023-10-17 17:54:40"}
{"level":"error","message":"[Authentication-ms] Caught exception: TypeError: compression is not a function","service":"Authentication-ms","timestamp":"2023-10-17 17:54:40"}
{"level":"info","message":"[Authentication-ms] Bootstraping micro service ","service":"Authentication-ms","timestamp":"2023-10-17 17:55:00"}
{"level":"error","message":"[Authentication-ms] Caught exception: TypeError: compression is not a function","service":"Authentication-ms","timestamp":"2023-10-17 17:55:00"}
{"level":"info","message":"[Authentication-ms] Bootstraping micro service ","service":"Authentication-ms","timestamp":"2023-10-17 17:55:15"}
{"level":"error","message":"[Authentication-ms] Caught exception: TypeError: compression is not a function","service":"Authentication-ms","timestamp":"2023-10-17 17:55:15"}
{"level":"info","message":"[Authentication-ms] Bootstraping micro service ","service":"Authentication-ms","timestamp":"2023-10-17 17:55:29"}
{"level":"error","message":"[Authentication-ms] Caught exception: TypeError: compression is not a function","service":"Authentication-ms","timestamp":"2023-10-17 17:55:29"}
{"level":"info","message":"[Authentication-ms] Bootstraping micro service ","service":"Authentication-ms","timestamp":"2023-10-17 17:57:38"}
{"level":"error","message":"[Authentication-ms] Caught exception: TypeError: compression is not a function","service":"Authentication-ms","timestamp":"2023-10-17 17:57:38"}
{"level":"info","message":"[Authentication-ms] Bootstraping micro service ","service":"Authentication-ms","timestamp":"2023-10-17 17:58:28"}
{"level":"error","message":"[Authentication-ms] Caught exception: TypeError: compression is not a function","service":"Authentication-ms","timestamp":"2023-10-17 17:58:28"}
{"level":"info","message":"[Authentication-ms] Bootstraping micro service ","service":"Authentication-ms","timestamp":"2023-10-17 17:59:35"}
{"level":"error","message":"[Authentication-ms] Caught exception: TypeError: compression is not a function","service":"Authentication-ms","timestamp":"2023-10-17 17:59:35"}
{"level":"info","message":"[Authentication-ms] Bootstraping micro service ","service":"Authentication-ms","timestamp":"2023-10-17 18:02:25"}
{"level":"error","message":"[Authentication-ms] Caught exception: TypeError: compression is not a function","service":"Authentication-ms","timestamp":"2023-10-17 18:02:25"}
{"level":"info","message":"[Authentication-ms] Bootstraping micro service ","service":"Authentication-ms","timestamp":"2023-10-17 18:02:58"}
{"level":"error","message":"[Authentication-ms] Caught exception: TypeError: compression is not a function","service":"Authentication-ms","timestamp":"2023-10-17 18:02:58"}
{"level":"info","message":"[Authentication-ms] Bootstraping micro service ","service":"Authentication-ms","timestamp":"2023-10-17 18:03:53"}
{"level":"error","message":"[Authentication-ms] Caught exception: TypeError: compression is not a function","service":"Authentication-ms","timestamp":"2023-10-17 18:03:53"}
{"level":"info","message":"[Authentication-ms] Bootstraping micro service ","service":"Authentication-ms","timestamp":"2023-10-17 18:05:54"}
{"level":"error","message":"[Authentication-ms] Caught exception: TypeError: compression is not a function","service":"Authentication-ms","timestamp":"2023-10-17 18:05:54"}
{"level":"info","message":"[Authentication-ms] Bootstraping micro service ","service":"Authentication-ms","timestamp":"2023-10-17 18:11:07"}
{"level":"error","message":"[Authentication-ms] Caught exception: TypeError: compression is not a function","service":"Authentication-ms","timestamp":"2023-10-17 18:11:07"}
{"level":"info","message":"[Authentication-ms] Bootstraping micro service ","service":"Authentication-ms","timestamp":"2023-10-17 18:11:23"}
{"level":"error","message":"[Authentication-ms] Caught exception: TypeError: compression is not a function","service":"Authentication-ms","timestamp":"2023-10-17 18:11:23"}
{"level":"info","message":"[Authentication-ms] Bootstraping micro service ","service":"Authentication-ms","timestamp":"2023-10-17 18:11:58"}
{"level":"info","message":"[Authentication-ms] Bootstraping micro service ","service":"Authentication-ms","timestamp":"2023-10-17 18:12:10"}
{"level":"info","message":"[Authentication-ms] Bootstraping micro service ","service":"Authentication-ms","timestamp":"2023-10-17 18:12:20"}
{"level":"info","message":"[Authentication-ms] Bootstraping micro service ","service":"Authentication-ms","timestamp":"2023-10-17 18:12:26"}
{"level":"info","message":"[Authentication-ms] Bootstraping micro service ","service":"Authentication-ms","timestamp":"2023-10-17 18:12:29"}
{"level":"info","message":"[Authentication-ms] Bootstraping micro service ","service":"Authentication-ms","timestamp":"2023-10-17 18:12:37"}
{"level":"info","message":"[Authentication-ms] Bootstraping micro service ","service":"Authentication-ms","timestamp":"2023-10-17 18:12:40"}
{"level":"info","message":"[Authentication-ms] Bootstraping micro service ","service":"Authentication-ms","timestamp":"2023-10-17 18:12:51"}
{"level":"error","message":"[Authentication-ms] Caught exception: TypeError: compression is not a function","service":"Authentication-ms","timestamp":"2023-10-17 18:12:51"}
{"level":"info","message":"[Authentication-ms] Bootstraping micro service ","service":"Authentication-ms","timestamp":"2023-10-17 18:13:12"}
{"level":"error","message":"[Authentication-ms] Caught exception: TypeError: compression is not a function","service":"Authentication-ms","timestamp":"2023-10-17 18:13:12"}
{"level":"info","message":"[Authentication-ms] Bootstraping micro service ","service":"Authentication-ms","timestamp":"2023-10-17 18:13:23"}
{"level":"error","message":"[Authentication-ms] Caught exception: TypeError: compression is not a function","service":"Authentication-ms","timestamp":"2023-10-17 18:13:23"}
{"level":"info","message":"[Authentication-ms] Bootstraping micro service ","service":"Authentication-ms","timestamp":"2023-10-17 18:13:40"}
{"level":"error","message":"[Authentication-ms] Caught exception: TypeError: compression is not a function","service":"Authentication-ms","timestamp":"2023-10-17 18:13:40"}
{"level":"info","message":"[Authentication-ms] Bootstraping micro service ","service":"Authentication-ms","timestamp":"2023-10-17 18:46:14"}
{"level":"error","message":"[Authentication-ms] Caught exception: TypeError: compression is not a function","service":"Authentication-ms","timestamp":"2023-10-17 18:46:14"}
{"level":"info","message":"[Authentication-ms] Bootstraping micro service ","service":"Authentication-ms","timestamp":"2023-10-17 18:47:16"}
{"level":"error","message":"[Authentication-ms] Caught exception: TypeError: compression is not a function","service":"Authentication-ms","timestamp":"2023-10-17 18:47:16"}
{"level":"info","message":"[Authentication-ms] Bootstraping micro service ","service":"Authentication-ms","timestamp":"2023-10-17 18:47:56"}
{"level":"error","message":"[Authentication-ms] Caught exception: TypeError: compression is not a function","service":"Authentication-ms","timestamp":"2023-10-17 18:47:56"}
{"level":"info","message":"[Authentication-ms] Bootstraping micro service ","service":"Authentication-ms","timestamp":"2023-10-17 18:48:24"}
{"level":"error","message":"[Authentication-ms] Caught exception: TypeError: compression is not a function","service":"Authentication-ms","timestamp":"2023-10-17 18:48:24"}
{"level":"info","message":"[Authentication-ms] Bootstraping micro service ","service":"Authentication-ms","timestamp":"2023-10-17 18:48:52"}
{"level":"error","message":"[Authentication-ms] Caught exception: TypeError: compression is not a function","service":"Authentication-ms","timestamp":"2023-10-17 18:48:52"}
{"level":"info","message":"[Authentication-ms] Bootstraping micro service ","service":"Authentication-ms","timestamp":"2023-10-17 18:48:59"}
{"level":"error","message":"[Authentication-ms] Caught exception: TypeError: compression is not a function","service":"Authentication-ms","timestamp":"2023-10-17 18:48:59"}
{"level":"info","message":"[Authentication-ms] Bootstraping micro service ","service":"Authentication-ms","timestamp":"2023-10-17 18:56:03"}
{"level":"error","message":"[Authentication-ms] Caught exception: TypeError: compression is not a function","service":"Authentication-ms","timestamp":"2023-10-17 18:56:03"}
{"level":"info","message":"[Authentication-ms] Bootstraping micro service ","service":"Authentication-ms","timestamp":"2023-10-17 18:56:08"}
{"level":"error","message":"[Authentication-ms] Caught exception: TypeError: compression is not a function","service":"Authentication-ms","timestamp":"2023-10-17 18:56:08"}
{"level":"info","message":"[Authentication-ms] Bootstraping micro service ","service":"Authentication-ms","timestamp":"2023-10-17 18:56:20"}
{"level":"info","message":"[Authentication-ms] Bootstraping micro service ","service":"Authentication-ms","timestamp":"2023-10-17 18:56:30"}
{"level":"error","message":"[Authentication-ms] Caught exception: TypeError: compression is not a function","service":"Authentication-ms","timestamp":"2023-10-17 18:56:30"}
{"level":"info","message":"[Authentication-ms] Bootstraping micro service ","service":"Authentication-ms","timestamp":"2023-10-17 18:56:36"}
{"level":"error","message":"[Authentication-ms] Caught exception: TypeError: compression is not a function","service":"Authentication-ms","timestamp":"2023-10-17 18:56:36"}
{"level":"info","message":"[Authentication-ms] Bootstraping micro service ","service":"Authentication-ms","timestamp":"2023-10-17 18:56:50"}
{"level":"error","message":"[Authentication-ms] Caught exception: TypeError: compression is not a function","service":"Authentication-ms","timestamp":"2023-10-17 18:56:50"}
{"level":"info","message":"[Authentication-ms] Bootstraping micro service ","service":"Authentication-ms","timestamp":"2023-10-17 18:58:58"}
{"level":"error","message":"[Authentication-ms] Caught exception: TypeError: compression is not a function","service":"Authentication-ms","timestamp":"2023-10-17 18:58:58"}
{"level":"info","message":"[Authentication-ms] Bootstraping micro service ","service":"Authentication-ms","timestamp":"2023-10-17 18:59:10"}
{"level":"error","message":"[Authentication-ms] Caught exception: TypeError: compression is not a function","service":"Authentication-ms","timestamp":"2023-10-17 18:59:10"}
{"level":"info","message":"[Authentication-ms] Bootstraping micro service ","service":"Authentication-ms","timestamp":"2023-10-17 18:59:17"}
{"level":"error","message":"[Authentication-ms] Caught exception: TypeError: compression is not a function","service":"Authentication-ms","timestamp":"2023-10-17 18:59:17"}
{"level":"info","message":"[Authentication-ms] Bootstraping micro service ","service":"Authentication-ms","timestamp":"2023-10-17 19:00:53"}
{"level":"info","message":"[Authentication-ms] Bootstraping micro service ","service":"Authentication-ms","timestamp":"2023-10-17 19:02:14"}
{"level":"error","message":"[Authentication-ms] Caught exception: TypeError: compression is not a function","service":"Authentication-ms","timestamp":"2023-10-17 19:02:14"}
{"level":"info","message":"[Authentication-ms] Bootstraping micro service ","service":"Authentication-ms","timestamp":"2023-10-17 19:02:21"}
{"level":"error","message":"[Authentication-ms] Caught exception: TypeError: compression is not a function","service":"Authentication-ms","timestamp":"2023-10-17 19:02:21"}
{"level":"info","message":"[Authentication-ms] Bootstraping micro service ","service":"Authentication-ms","timestamp":"2023-10-17 19:02:41"}
{"level":"error","message":"[Authentication-ms] Caught exception: TypeError: compression is not a function","service":"Authentication-ms","timestamp":"2023-10-17 19:02:41"}
{"level":"info","message":"[Authentication-ms] Bootstraping micro service ","service":"Authentication-ms","timestamp":"2023-10-17 19:04:11"}
{"level":"error","message":"[Authentication-ms] Caught exception: TypeError: compression is not a function","service":"Authentication-ms","timestamp":"2023-10-17 19:04:11"}
{"level":"info","message":"[Authentication-ms] Bootstraping micro service ","service":"Authentication-ms","timestamp":"2023-10-17 19:04:55"}
{"level":"error","message":"[Authentication-ms] Caught exception: TypeError: compression is not a function","service":"Authentication-ms","timestamp":"2023-10-17 19:04:55"}
{"level":"info","message":"[Authentication-ms] Bootstraping micro service ","service":"Authentication-ms","timestamp":"2023-10-17 19:05:59"}
{"level":"info","message":"[Authentication-ms] Bootstraping micro service ","service":"Authentication-ms","timestamp":"2023-10-17 19:06:16"}
{"level":"error","message":"[Authentication-ms] Caught exception: TypeError: compression is not a function","service":"Authentication-ms","timestamp":"2023-10-17 19:06:16"}
{"level":"info","message":"[Authentication-ms] Bootstraping micro service ","service":"Authentication-ms","timestamp":"2023-10-17 19:10:09"}
{"level":"error","message":"[Authentication-ms] Caught exception: TypeError: compression is not a function","service":"Authentication-ms","timestamp":"2023-10-17 19:10:09"}
{"level":"info","message":"[Authentication-ms] Bootstraping micro service ","service":"Authentication-ms","timestamp":"2023-10-17 19:10:47"}
{"level":"info","message":"[Authentication-ms] Bootstraping micro service ","service":"Authentication-ms","timestamp":"2023-10-17 19:10:57"}
{"level":"info","message":"[Authentication-ms] Bootstraping micro service ","service":"Authentication-ms","timestamp":"2023-10-17 19:11:49"}
{"level":"info","message":"[Authentication-ms] Bootstraping micro service ","service":"Authentication-ms","timestamp":"2023-10-17 19:12:43"}
{"level":"info","message":"[authentication-ms] Bootstraping micro service","service":"authentication-ms","timestamp":"2023-10-19 11:16:23"}
{"level":"info","message":"[EXPRESS] Server running at http://127.0.0.1:3001","service":"authentication-ms","timestamp":"2023-10-19 11:16:23"}
{"level":"info","message":"[authentication-ms] Bootstraping micro service","service":"authentication-ms","timestamp":"2023-10-19 11:17:09"}
{"level":"info","message":"[EXPRESS] Server running at http://127.0.0.1:3001","service":"authentication-ms","timestamp":"2023-10-19 11:17:09"}
{"level":"info","message":"[authentication-ms] Bootstraping micro service","service":"authentication-ms","timestamp":"2023-10-19 11:55:47"}
{"level":"info","message":"[EXPRESS] Server running at http://127.0.0.1:3001","service":"authentication-ms","timestamp":"2023-10-19 11:55:47"}
{"level":"info","message":"[authentication-ms] Bootstraping micro service","service":"authentication-ms","timestamp":"2023-10-19 13:15:07"}
{"level":"info","message":"[authentication-ms] Bootstraping micro service","service":"authentication-ms","timestamp":"2023-10-19 13:15:29"}
{"level":"info","message":"[EXPRESS] Server running at http://127.0.0.1:3001","service":"authentication-ms","timestamp":"2023-10-19 13:15:29"}
{"level":"info","message":"[authentication-ms] Bootstraping micro service","service":"authentication-ms","timestamp":"2023-10-19 13:17:11"}
{"level":"info","message":"[EXPRESS] Server running at http://127.0.0.1:3001","service":"authentication-ms","timestamp":"2023-10-19 13:17:11"}
{"level":"info","message":"[authentication-ms] Bootstraping micro service","service":"authentication-ms","timestamp":"2023-10-19 13:17:18"}
{"level":"info","message":"[EXPRESS] Server running at http://127.0.0.1:3001","service":"authentication-ms","timestamp":"2023-10-19 13:17:18"}
{"level":"info","message":"[authentication-ms] Bootstraping micro service","service":"authentication-ms","timestamp":"2023-10-19 13:36:15"}
{"level":"info","message":"[EXPRESS] Server running at http://127.0.0.1:3001","service":"authentication-ms","timestamp":"2023-10-19 13:36:15"}
{"level":"info","message":"[authentication-ms] Bootstraping micro service","service":"authentication-ms","timestamp":"2023-10-19 13:41:23"}
{"level":"info","message":"[EXPRESS] Server running at http://127.0.0.1:3001","service":"authentication-ms","timestamp":"2023-10-19 13:41:23"}
{"level":"info","message":"[authentication-ms] Bootstraping micro service","service":"authentication-ms","timestamp":"2023-10-19 13:41:53"}
{"level":"info","message":"[EXPRESS] Server running at http://127.0.0.1:3001","service":"authentication-ms","timestamp":"2023-10-19 13:41:53"}
{"level":"info","message":"[authentication-ms] Bootstraping micro service","service":"authentication-ms","timestamp":"2023-10-19 13:43:48"}
{"level":"info","message":"[EXPRESS] Server running at http://127.0.0.1:3001","service":"authentication-ms","timestamp":"2023-10-19 13:43:48"}
{"level":"info","message":"[authentication-ms] Bootstraping micro service","service":"authentication-ms","timestamp":"2023-10-19 13:44:23"}
{"level":"info","message":"[EXPRESS] Server running at http://127.0.0.1:3001","service":"authentication-ms","timestamp":"2023-10-19 13:44:23"}
{"level":"info","message":"[authentication-ms] Bootstraping micro service","service":"authentication-ms","timestamp":"2023-10-19 13:47:05"}
{"level":"info","message":"[EXPRESS] Server running at http://127.0.0.1:3001","service":"authentication-ms","timestamp":"2023-10-19 13:47:05"}
